0 info it worked if it ends with ok
1 verbose cli [ '/usr/local/bin/node',
1 verbose cli   '/usr/local/bin/npm',
1 verbose cli   'version',
1 verbose cli   'patch',
1 verbose cli   '-m',
1 verbose cli   'yarn' ]
2 info using npm@4.0.2
3 info using node@v6.3.1
4 info git [ 'status', '--porcelain' ]
5 verbose stack Error: Git working directory not clean.
5 verbose stack M npm-debug.log
5 verbose stack M yarn.lock
5 verbose stack     at /usr/local/lib/node_modules/npm/lib/version.js:247:19
5 verbose stack     at /usr/local/lib/node_modules/npm/lib/utils/no-progress-while-running.js:21:8
5 verbose stack     at ChildProcess.exithandler (child_process.js:193:7)
5 verbose stack     at emitTwo (events.js:106:13)
5 verbose stack     at ChildProcess.emit (events.js:191:7)
5 verbose stack     at maybeClose (internal/child_process.js:852:16)
5 verbose stack     at Socket.<anonymous> (internal/child_process.js:323:11)
5 verbose stack     at emitOne (events.js:96:13)
5 verbose stack     at Socket.emit (events.js:188:7)
5 verbose stack     at Pipe._handle.close [as _onclose] (net.js:492:12)
6 verbose cwd /Volumes/Data/Users/liubinbin/github/lotosbin/react-native-pin-input-sample/react-native-pin-input
7 error Darwin 16.5.0
8 error argv "/usr/local/bin/node" "/usr/local/bin/npm" "version" "patch" "-m" "yarn"
9 error node v6.3.1
10 error npm  v4.0.2
11 error Git working directory not clean.
11 error M npm-debug.log
11 error M yarn.lock
12 error If you need help, you may report this error at:
12 error     <https://github.com/npm/npm/issues>
13 verbose exit [ 1, true ]
